  Source.cpp
C:\Program Files\Microsoft Visual Studio\2022\Community\VC\Tools\MSVC\14.39.33519\include\xmemory(727,82): error C2280: "BusStop::BusStop(const BusStop &)": предпринята попытка ссылки на удаленную функцию
  (компиляция исходного файла "Source.cpp")
  D:\BSUIR\OOPinCS\OOPinCS_lab4.3\OOPinCS_lab4.3\Source.cpp(31,1):
  в этом месте создано компилятором: "BusStop::BusStop"
  D:\BSUIR\OOPinCS\OOPinCS_lab4.3\OOPinCS_lab4.3\Source.cpp(31,1):
  "BusStop::BusStop(const BusStop &)": функция неявно удалена, так как элемент данных вызывает удаленную или недоступную функцию "std::mutex::mutex(const std::mutex &)".
  C:\Program Files\Microsoft Visual Studio\2022\Community\VC\Tools\MSVC\14.39.33519\include\mutex(106,5):
  "std::mutex::mutex(const std::mutex &)": функция явно удалена.
  C:\Program Files\Microsoft Visual Studio\2022\Community\VC\Tools\MSVC\14.39.33519\include\xmemory(727,82):
  контекст создания экземпляра шаблона (сначала самый старый)
  	D:\BSUIR\OOPinCS\OOPinCS_lab4.3\OOPinCS_lab4.3\Source.cpp(35,27):
  	выполняется компиляция ссылки на экземпляр класс шаблон функции "std::vector<BusStop,std::allocator<BusStop>>"
  	C:\Program Files\Microsoft Visual Studio\2022\Community\VC\Tools\MSVC\14.39.33519\include\vector(621,5):
  	во время компиляции функции-члена класс шаблон "std::vector<BusStop,std::allocator<BusStop>>::vector(const unsigned __int64,const _Ty &,const _Alloc &)"
          with
          [
              _Ty=BusStop,
              _Alloc=std::allocator<BusStop>
          ]
  		D:\BSUIR\OOPinCS\OOPinCS_lab4.3\OOPinCS_lab4.3\Source.cpp(54,31):
  		см. первую ссылку на std::vector<BusStop,std::allocator<BusStop>>::vector "main"
  	C:\Program Files\Microsoft Visual Studio\2022\Community\VC\Tools\MSVC\14.39.33519\include\vector(623,9):
  	выполняется компиляция ссылки на экземпляр шаблон функции "void std::vector<BusStop,std::allocator<BusStop>>::_Construct_n<const _Ty&>(const unsigned __int64,const _Ty &)"
          with
          [
              _Ty=BusStop
          ]
  	C:\Program Files\Microsoft Visual Studio\2022\Community\VC\Tools\MSVC\14.39.33519\include\vector(2080,36):
  	выполняется компиляция ссылки на экземпляр шаблон функции "BusStop *std::_Uninitialized_fill_n<std::allocator<BusStop>>(BusStop *,unsigned __int64,const BusStop &,_Alloc &)"
          with
          [
              _Alloc=std::allocator<BusStop>
          ]
  	C:\Program Files\Microsoft Visual Studio\2022\Community\VC\Tools\MSVC\14.39.33519\include\xmemory(1982,17):
  	выполняется компиляция ссылки на экземпляр шаблон функции "void std::_Uninitialized_backout_al<std::allocator<BusStop>>::_Emplace_back<const BusStop&>(const BusStop &)"
  	C:\Program Files\Microsoft Visual Studio\2022\Community\VC\Tools\MSVC\14.39.33519\include\xmemory(1805,35):
  	выполняется компиляция ссылки на экземпляр шаблон функции "void std::_Default_allocator_traits<_Alloc>::construct<_Ty,const BusStop&>(_Alloc &,_Objty *const ,const BusStop &)"
          with
          [
              _Alloc=std::allocator<BusStop>,
              _Ty=BusStop,
              _Objty=BusStop
          ]
  
