  source.cpp
C:\Program Files\Microsoft Visual Studio\2022\Community\VC\Tools\MSVC\14.39.33519\include\xmemory(727,82): error C2280: "Stop::Stop(const Stop &)": предпринята попытка ссылки на удаленную функцию
  (компиляция исходного файла "source.cpp")
  D:\BSUIR\OOPinCS\OOPinCS_lab4.11\OOPinCS_lab4.11\source.cpp(49,1):
  в этом месте создано компилятором: "Stop::Stop"
  D:\BSUIR\OOPinCS\OOPinCS_lab4.11\OOPinCS_lab4.11\source.cpp(49,1):
  "Stop::Stop(const Stop &)": функция неявно удалена, так как элемент данных вызывает удаленную или недоступную функцию "std::mutex::mutex(const std::mutex &)".
  C:\Program Files\Microsoft Visual Studio\2022\Community\VC\Tools\MSVC\14.39.33519\include\mutex(106,5):
  "std::mutex::mutex(const std::mutex &)": функция явно удалена.
  C:\Program Files\Microsoft Visual Studio\2022\Community\VC\Tools\MSVC\14.39.33519\include\xmemory(727,82):
  контекст создания экземпляра шаблона (сначала самый старый)
  	D:\BSUIR\OOPinCS\OOPinCS_lab4.11\OOPinCS_lab4.11\source.cpp(51,19):
  	выполняется компиляция ссылки на экземпляр класс шаблон функции "std::vector<Stop,std::allocator<Stop>>"
  	C:\Program Files\Microsoft Visual Studio\2022\Community\VC\Tools\MSVC\14.39.33519\include\vector(874,23):
  	во время компиляции функции-члена класс шаблон "void std::vector<Stop,std::allocator<Stop>>::push_back(_Ty &&)"
          with
          [
              _Ty=Stop
          ]
  		D:\BSUIR\OOPinCS\OOPinCS_lab4.11\OOPinCS_lab4.11\source.cpp(55,24):
  		см. первую ссылку на std::vector<Stop,std::allocator<Stop>>::push_back "init_stops"
  	C:\Program Files\Microsoft Visual Studio\2022\Community\VC\Tools\MSVC\14.39.33519\include\vector(876,9):
  	выполняется компиляция ссылки на экземпляр шаблон функции "_Ty &std::vector<_Ty,std::allocator<_Ty>>::_Emplace_one_at_back<Stop>(Stop &&)"
          with
          [
              _Ty=Stop
          ]
  	C:\Program Files\Microsoft Visual Studio\2022\Community\VC\Tools\MSVC\14.39.33519\include\vector(780,20):
  	выполняется компиляция ссылки на экземпляр шаблон функции "_Ty &std::vector<_Ty,std::allocator<_Ty>>::_Emplace_back_with_unused_capacity<_Ty>(_Ty &&)"
          with
          [
              _Ty=Stop
          ]
  	C:\Program Files\Microsoft Visual Studio\2022\Community\VC\Tools\MSVC\14.39.33519\include\vector(798,27):
  	выполняется компиляция ссылки на экземпляр шаблон функции "void std::_Default_allocator_traits<_Alloc>::construct<_Ty,_Ty>(_Alloc &,_Objty *const ,_Ty &&)"
          with
          [
              _Alloc=std::allocator<Stop>,
              _Ty=Stop,
              _Objty=Stop
          ]
  
